<?xml version="1.0"?>
<ruleset name="My first PHPMD rule set"
         xmlns="http://pmd.sf.net/ruleset/1.0.0"
         xmlns:xsi="http://www.w3.org/2001/XMLSchema-instance"
         xsi:schemaLocation="http://pmd.sf.net/ruleset/1.0.0 http://pmd.sf.net/ruleset_xml_schema.xsd"
         xsi:noNamespaceSchemaLocation="http://pmd.sf.net/ruleset_xml_schema.xsd">
    <description>
        My custom rule set that checks my test code.
    </description>
    <!-- Import the entire unused code rule set, but UnusedPrivateMethod -->
    <rule ref="rulesets/unusedcode.xml" />
    <!-- Import the entire codeside rule -->
    <rule ref="rulesets/codesize.xml">
        <exclude name="ExcessiveMethodLength"/>
    </rule>
    <rule ref="rulesets/codesize.xml/ExcessiveMethodLength">
        <properties>
            <property name="minimum" value="116"/>
        </properties>
    </rule>
    <!-- Import the entire naming rule set -->
    <rule ref="rulesets/naming.xml" />
    <!-- Import the entire controversial rule set -->
    <rule ref="rulesets/controversial.xml"/>
    <!-- Import the entire design rule set -->
    <rule ref="rulesets/design.xml"/>
</ruleset>
